<?xml version="1.0" encoding="utf-8" standalone="no"?>
<!--This file represents the results of running a test suite-->
<test-results name="/home/craig/projects/ZopePageTemplates/ZopePageTemplates.nunit" total="10" failures="0" not-run="0" date="2010-05-23" time="15:08:59">
  <environment nunit-version="2.4.7.0" clr-version="2.0.50727.1433" os-version="Unix 2.6.32.686" platform="Unix" cwd="/home/craig/Documents" machine-name="craig-laptop" user="craig" user-domain="craig-laptop" />
  <culture-info current-culture="en-GB" current-uiculture="en-GB" />
  <test-suite name="/home/craig/projects/ZopePageTemplates/ZopePageTemplates.nunit" success="True" time="0.146" asserts="0">
    <results>
      <test-suite name="/home/craig/projects/ZopePageTemplates/bin/Debug/Test.Parser.dll" success="True" time="0.145" asserts="0">
        <results>
          <test-suite name="Test" success="True" time="0.145" asserts="0">
            <results>
              <test-suite name="CraigFowler" success="True" time="0.145" asserts="0">
                <results>
                  <test-suite name="Web" success="True" time="0.145" asserts="0">
                    <results>
                      <test-suite name="ZPT" success="True" time="0.145" asserts="0">
                        <results>
                          <test-suite name="Tales" success="True" time="0.145" asserts="0">
                            <results>
                              <test-suite name="Expressions" success="True" time="0.042" asserts="0">
                                <results>
                                  <test-suite name="TestPathExpression" success="True" time="0.021" asserts="0">
                                    <results>
                                      <test-case name="Test.CraigFowler.Web.ZPT.Tales.Expressions.TestPathExpression.TestPathPieces" executed="True" success="True" time="0.014" asserts="2" />
                                    </results>
                                  </test-suite>
                                  <test-suite name="TestTalesExpression" success="True" time="0.004" asserts="0">
                                    <results>
                                      <test-case name="Test.CraigFowler.Web.ZPT.Tales.Expressions.TestTalesExpression.TestExpressionFactoryDefault" executed="True" success="True" time="0.001" asserts="2" />
                                      <test-case name="Test.CraigFowler.Web.ZPT.Tales.Expressions.TestTalesExpression.TestExpressionFactoryInverseBoolean" executed="True" success="True" time="0.000" asserts="2" />
                                      <test-case name="Test.CraigFowler.Web.ZPT.Tales.Expressions.TestTalesExpression.TestExpressionFactoryPath" executed="True" success="True" time="0.000" asserts="2" />
                                      <test-case name="Test.CraigFowler.Web.ZPT.Tales.Expressions.TestTalesExpression.TestExpressionFactoryString" executed="True" success="True" time="0.000" asserts="2" />
                                      <test-case name="Test.CraigFowler.Web.ZPT.Tales.Expressions.TestTalesExpression.TestInnerExpression" executed="True" success="True" time="0.002" asserts="6" />
                                      <test-case name="Test.CraigFowler.Web.ZPT.Tales.Expressions.TestTalesExpression.TextExpressionText" executed="True" success="True" time="0.000" asserts="3" />
                                      <test-case name="Test.CraigFowler.Web.ZPT.Tales.Expressions.TestTalesExpression.TextExpressionTextNoPrefix" executed="True" success="True" time="0.000" asserts="3" />
                                    </results>
                                  </test-suite>
                                </results>
                              </test-suite>
                              <test-suite name="TalesIntegrationTests" success="True" time="0.000" asserts="0">
                                <categories>
                                  <category name="Integration" />
                                </categories>
                                <results />
                              </test-suite>
                              <test-suite name="TestTalesContext" success="True" time="0.102" asserts="0">
                                <results>
                                  <test-case name="Test.CraigFowler.Web.ZPT.Tales.TestTalesContext.TestConstructor" executed="True" success="True" time="0.007" asserts="3" />
                                  <test-case name="Test.CraigFowler.Web.ZPT.Tales.TestTalesContext.TestParsePathExpression" executed="True" success="True" time="0.005" asserts="2" />
                                </results>
                              </test-suite>
                            </results>
                          </test-suite>
                        </results>
                      </test-suite>
                    </results>
                  </test-suite>
                </results>
              </test-suite>
            </results>
          </test-suite>
        </results>
      </test-suite>
    </results>
  </test-suite>
</test-results>