<?xml version="1.0" encoding="utf-8" standalone="no"?>
<!--This file represents the results of running a test suite-->
<test-results name="/home/craig/projects/ZopePageTemplates/ZopePageTemplates.nunit" total="6" failures="0" not-run="0" date="2010-05-22" time="15:27:41">
  <environment nunit-version="2.4.7.0" clr-version="2.0.50727.1433" os-version="Unix 2.6.32.686" platform="Unix" cwd="/home/craig/Documents" machine-name="craig-laptop" user="craig" user-domain="craig-laptop" />
  <culture-info current-culture="en-GB" current-uiculture="en-GB" />
  <test-suite name="/home/craig/projects/ZopePageTemplates/ZopePageTemplates.nunit" success="True" time="0.136" asserts="0">
    <results>
      <test-suite name="/home/craig/projects/ZopePageTemplates/bin/Debug/Test.Parser.dll" success="True" time="0.135" asserts="0">
        <results>
          <test-suite name="Test" success="True" time="0.135" asserts="0">
            <results>
              <test-suite name="CraigFowler" success="True" time="0.134" asserts="0">
                <results>
                  <test-suite name="Web" success="True" time="0.134" asserts="0">
                    <results>
                      <test-suite name="ZPT" success="True" time="0.134" asserts="0">
                        <results>
                          <test-suite name="Tales" success="True" time="0.134" asserts="0">
                            <results>
                              <test-suite name="TestPath" success="True" time="0.046" asserts="0">
                                <results>
                                  <test-case name="Test.CraigFowler.Web.ZPT.Tales.TestPath.TestConstructor" executed="True" success="True" time="0.008" asserts="1" />
                                  <test-case name="Test.CraigFowler.Web.ZPT.Tales.TestPath.TestParts" executed="True" success="True" time="0.008" asserts="5" />
                                  <test-case name="Test.CraigFowler.Web.ZPT.Tales.TestPath.TestPartsWithWhitespace" executed="True" success="True" time="0.000" asserts="5" />
                                </results>
                              </test-suite>
                              <test-suite name="TestPathExpression" success="True" time="0.031" asserts="0">
                                <results>
                                  <test-case name="Test.CraigFowler.Web.ZPT.Tales.TestPathExpression.TestPathPieces" executed="True" success="True" time="0.007" asserts="2" />
                                </results>
                              </test-suite>
                              <test-suite name="TestTalesContext" success="True" time="0.032" asserts="0">
                                <results>
                                  <test-case name="Test.CraigFowler.Web.ZPT.Tales.TestTalesContext.TestConstructor" executed="True" success="True" time="0.001" asserts="3" />
                                  <test-case name="Test.CraigFowler.Web.ZPT.Tales.TestTalesContext.TestParsePathExpression" executed="True" success="True" time="0.005" asserts="2" />
                                </results>
                              </test-suite>
                            </results>
                          </test-suite>
                        </results>
                      </test-suite>
                    </results>
                  </test-suite>
                </results>
              </test-suite>
            </results>
          </test-suite>
        </results>
      </test-suite>
    </results>
  </test-suite>
</test-results>