<?xml version="1.0" encoding="utf-8" standalone="no"?>
<!--This file represents the results of running a test suite-->
<test-results name="/home/craig/projects/ZopePageTemplates/ZopePageTemplates.nunit" total="19" failures="0" not-run="0" date="2010-06-06" time="19:07:28">
  <environment nunit-version="2.4.7.0" clr-version="2.0.50727.1433" os-version="Unix 2.6.32.686" platform="Unix" cwd="/home/craig/Documents" machine-name="craig-laptop" user="craig" user-domain="craig-laptop" />
  <culture-info current-culture="en-GB" current-uiculture="en-GB" />
  <test-suite name="/home/craig/projects/ZopePageTemplates/ZopePageTemplates.nunit" success="True" time="0.423" asserts="0">
    <results>
      <test-suite name="/home/craig/projects/ZopePageTemplates/bin/Debug/Test.Parser.dll" success="True" time="0.422" asserts="0">
        <results>
          <test-suite name="Test" success="True" time="0.421" asserts="0">
            <results>
              <test-suite name="CraigFowler" success="True" time="0.421" asserts="0">
                <results>
                  <test-suite name="Web" success="True" time="0.421" asserts="0">
                    <results>
                      <test-suite name="ZPT" success="True" time="0.421" asserts="0">
                        <results>
                          <test-suite name="Tales" success="True" time="0.408" asserts="0">
                            <results>
                              <test-suite name="Expressions" success="True" time="0.190" asserts="0">
                                <results>
                                  <test-suite name="TestPathExpression" success="True" time="0.086" asserts="0">
                                    <results>
                                      <test-case name="Test.CraigFowler.Web.ZPT.Tales.Expressions.TestPathExpression.TestPathPieces" executed="True" success="True" time="0.019" asserts="2" />
                                    </results>
                                  </test-suite>
                                  <test-suite name="TestTalesExpression" success="True" time="0.060" asserts="0">
                                    <results>
                                      <test-case name="Test.CraigFowler.Web.ZPT.Tales.Expressions.TestTalesExpression.TestExpressionFactoryDefault" executed="True" success="True" time="0.001" asserts="2" />
                                      <test-case name="Test.CraigFowler.Web.ZPT.Tales.Expressions.TestTalesExpression.TestExpressionFactoryInverseBoolean" executed="True" success="True" time="0.000" asserts="2" />
                                      <test-case name="Test.CraigFowler.Web.ZPT.Tales.Expressions.TestTalesExpression.TestExpressionFactoryPath" executed="True" success="True" time="0.000" asserts="2" />
                                      <test-case name="Test.CraigFowler.Web.ZPT.Tales.Expressions.TestTalesExpression.TestExpressionFactoryString" executed="True" success="True" time="0.000" asserts="2" />
                                      <test-case name="Test.CraigFowler.Web.ZPT.Tales.Expressions.TestTalesExpression.TestInnerExpression" executed="True" success="True" time="0.002" asserts="6" />
                                      <test-case name="Test.CraigFowler.Web.ZPT.Tales.Expressions.TestTalesExpression.TextExpressionText" executed="True" success="True" time="0.000" asserts="3" />
                                      <test-case name="Test.CraigFowler.Web.ZPT.Tales.Expressions.TestTalesExpression.TextExpressionTextNoPrefix" executed="True" success="True" time="0.000" asserts="3" />
                                    </results>
                                  </test-suite>
                                </results>
                              </test-suite>
                              <test-suite name="TalesIntegrationTests" success="True" time="0.071" asserts="0">
                                <categories>
                                  <category name="Integration" />
                                </categories>
                                <results>
                                  <test-case name="Test.CraigFowler.Web.ZPT.Tales.TalesIntegrationTests.TestAliasBeforeIndexer" executed="True" success="True" time="0.009" asserts="2" />
                                  <test-case name="Test.CraigFowler.Web.ZPT.Tales.TalesIntegrationTests.TestAliasedMembersBeforeNormalMembers" executed="True" success="True" time="0.001" asserts="2" />
                                  <test-case name="Test.CraigFowler.Web.ZPT.Tales.TalesIntegrationTests.TestDuplicateAlias" executed="True" success="True" time="0.002" asserts="0" />
                                  <test-case name="Test.CraigFowler.Web.ZPT.Tales.TalesIntegrationTests.TestNormalMemberBeforeIndexer" executed="True" success="True" time="0.001" asserts="2" />
                                  <test-case name="Test.CraigFowler.Web.ZPT.Tales.TalesIntegrationTests.TestParsePathExpressionFromIndexer" executed="True" success="True" time="0.001" asserts="2" />
                                  <test-case name="Test.CraigFowler.Web.ZPT.Tales.TalesIntegrationTests.TestParseSimplePathExpression" executed="True" success="True" time="0.001" asserts="2" />
                                  <test-case name="Test.CraigFowler.Web.ZPT.Tales.TalesIntegrationTests.TestParseSimplePathExpressionUsingAlias" executed="True" success="True" time="0.000" asserts="2" />
                                </results>
                              </test-suite>
                              <test-suite name="TestTalesContext" success="True" time="0.110" asserts="0">
                                <results>
                                  <test-case name="Test.CraigFowler.Web.ZPT.Tales.TestTalesContext.TestConstructor" executed="True" success="True" time="0.000" asserts="2" />
                                  <test-case name="Test.CraigFowler.Web.ZPT.Tales.TestTalesContext.TestCreateChildContext" executed="True" success="True" time="0.000" asserts="4" />
                                  <test-case name="Test.CraigFowler.Web.ZPT.Tales.TestTalesContext.TestCreateExpression" executed="True" success="True" time="0.000" asserts="6" />
                                  <test-case name="Test.CraigFowler.Web.ZPT.Tales.TestTalesContext.TestParsePathExpression" executed="True" success="True" time="0.002" asserts="2" />
                                </results>
                              </test-suite>
                            </results>
                          </test-suite>
                        </results>
                      </test-suite>
                    </results>
                  </test-suite>
                </results>
              </test-suite>
            </results>
          </test-suite>
        </results>
      </test-suite>
    </results>
  </test-suite>
</test-results>